<?xml version="1.0" encoding="UTF-8"?>
<!-- Generated by org.testng.reporters.JUnitReportReporter -->
<testsuite hostname="Gulshan" failures="0" tests="1" name="com.comcast.crm.ContactTest.CreateContactTest1" time="18.308" errors="0" timestamp="15 May 2024 18:56:37 GMT" skipped="0">
  <testcase classname="com.comcast.crm.ContactTest.CreateContactTest1" name="createContactWithOrganizationName" time="18.308"/>
</testsuite> <!-- com.comcast.crm.ContactTest.CreateContactTest1 -->
