<?xml version="1.0" encoding="UTF-8"?>
<!-- Generated by org.testng.reporters.JUnitReportReporter -->
<testsuite hostname="Gulshan" failures="0" tests="3" name="com.comcast.crm.OrgTest.CreateOrganizationTest" time="54.476" errors="0" timestamp="06 Jun 2024 05:49:39 GMT" skipped="0">
  <testcase classname="com.comcast.crm.OrgTest.CreateOrganizationTest" name="createOrgTest" time="34.150"/>
  <testcase classname="com.comcast.crm.OrgTest.CreateOrganizationTest" name="createOrganizationWithPhoneNumberTest" time="9.898"/>
  <testcase classname="com.comcast.crm.OrgTest.CreateOrganizationTest" name="createOrganizationWithIndustryTest" time="10.428"/>
</testsuite> <!-- com.comcast.crm.OrgTest.CreateOrganizationTest -->
