<?xml version="1.0" encoding="UTF-8"?>
<!-- Generated by org.testng.reporters.JUnitReportReporter -->
<testsuite hostname="Gulshan" failures="0" tests="1" name="com.comcast.crm.OrgTest.CreateOrganizationTest" time="220.149" errors="0" timestamp="21 May 2024 13:19:07 GMT" skipped="0">
  <testcase classname="com.comcast.crm.OrgTest.CreateOrganizationTest" name="createOrgTest" time="220.149"/>
</testsuite> <!-- com.comcast.crm.OrgTest.CreateOrganizationTest -->
