<?xml version="1.0" encoding="UTF-8"?>
<!-- Generated by org.testng.reporters.JUnitReportReporter -->
<testsuite hostname="Gulshan" failures="0" tests="3" name="com.comcast.crm.ContactTest.CreateContactTest" time="37.890" errors="0" timestamp="17 May 2024 10:55:07 GMT" skipped="0">
  <testcase classname="com.comcast.crm.ContactTest.CreateContactTest" name="createContactWithOrganizationName" time="17.264"/>
  <testcase classname="com.comcast.crm.ContactTest.CreateContactTest" name="createContactTest" time="10.730"/>
  <testcase classname="com.comcast.crm.ContactTest.CreateContactTest" name="createContactWithSupportDate" time="9.896"/>
</testsuite> <!-- com.comcast.crm.ContactTest.CreateContactTest -->
