<?xml version="1.0" encoding="UTF-8"?>
<!-- Generated by org.testng.reporters.JUnitReportReporter -->
<testsuite hostname="Gulshan" failures="0" tests="1" name="practice.Sample4" time="2.681" errors="0" timestamp="10 May 2024 16:49:24 GMT" skipped="0">
  <testcase classname="practice.Sample4" name="sample4Test" time="2.681"/>
</testsuite> <!-- practice.Sample4 -->
