<?xml version="1.0" encoding="UTF-8"?>
<!-- Generated by org.testng.reporters.JUnitReportReporter -->
<testsuite hostname="Gulshan" failures="0" tests="1" name="practice.SampleReportTest" time="0.991" errors="0" timestamp="20 May 2024 11:58:27 GMT" skipped="0">
  <testcase classname="practice.SampleReportTest" name="createOrgTest" time="0.991"/>
</testsuite> <!-- practice.SampleReportTest -->
