<?xml version="1.0" encoding="UTF-8"?>
<!-- Generated by org.testng.reporters.JUnitReportReporter -->
<testsuite hostname="Gulshan" failures="0" tests="1" name="practice.Sample2Test" time="2.160" errors="0" timestamp="10 May 2024 16:49:54 GMT" skipped="0">
  <testcase classname="practice.Sample2Test" name="sample2Test" time="2.160"/>
</testsuite> <!-- practice.Sample2Test -->
