<?xml version="1.0" encoding="UTF-8"?>
<!-- Generated by org.testng.reporters.JUnitReportReporter -->
<testsuite hostname="Gulshan" failures="0" tests="3" name="com.comcast.crm.ContactTest.CreateContactTest" time="39.315" errors="0" timestamp="06 Jun 2024 05:50:48 GMT" skipped="0">
  <testcase classname="com.comcast.crm.ContactTest.CreateContactTest" name="createContactWithOrganizationName" time="18.119"/>
  <testcase classname="com.comcast.crm.ContactTest.CreateContactTest" name="createContactWithSupportDate" time="9.841"/>
  <testcase classname="com.comcast.crm.ContactTest.CreateContactTest" name="createContactTest" time="11.355"/>
</testsuite> <!-- com.comcast.crm.ContactTest.CreateContactTest -->
