<?xml version="1.0" encoding="UTF-8"?>
<!-- Generated by org.testng.reporters.JUnitReportReporter -->
<testsuite hostname="Gulshan" failures="0" tests="1" name="com.comcast.crm.OrgTest.CreateOrganizationTest" time="34.343" errors="0" timestamp="31 May 2024 07:43:24 GMT" skipped="0">
  <testcase classname="com.comcast.crm.OrgTest.CreateOrganizationTest" name="createOrgTest" time="34.343"/>
</testsuite> <!-- com.comcast.crm.OrgTest.CreateOrganizationTest -->
