<?xml version="1.0" encoding="UTF-8"?>
<!-- Generated by org.testng.reporters.JUnitReportReporter -->
<testsuite hostname="Gulshan" failures="0" tests="1" name="practice.Sample3Test" time="2.163" errors="0" timestamp="10 May 2024 16:49:54 GMT" skipped="0">
  <testcase classname="practice.Sample3Test" name="sample3Test" time="2.163"/>
</testsuite> <!-- practice.Sample3Test -->
