<?xml version="1.0" encoding="UTF-8"?>
<!-- Generated by org.testng.reporters.JUnitReportReporter -->
<testsuite hostname="Gulshan" failures="0" tests="5" name="practice.invalidLoginTest" time="16.819" errors="0" timestamp="17 May 2024 18:58:41 GMT" skipped="0">
  <testcase classname="practice.invalidLoginTest" name="getProductInfoTest" time="2.894"/>
  <testcase classname="practice.invalidLoginTest" name="getProductInfoTest" time="3.674"/>
  <testcase classname="practice.invalidLoginTest" name="getProductInfoTest" time="2.963"/>
  <testcase classname="practice.invalidLoginTest" name="getProductInfoTest" time="2.927"/>
  <testcase classname="practice.invalidLoginTest" name="getProductInfoTest" time="4.361"/>
</testsuite> <!-- practice.invalidLoginTest -->
