<?xml version="1.0" encoding="UTF-8"?>
<!-- Generated by org.testng.reporters.JUnitReportReporter -->
<testsuite hostname="Gulshan" failures="0" tests="1" name="com.comcast.crm.ContactTest.CreateContactTest" time="10.126" errors="0" timestamp="31 May 2024 07:43:24 GMT" skipped="0">
  <testcase classname="com.comcast.crm.ContactTest.CreateContactTest" name="createContactTest" time="10.126"/>
</testsuite> <!-- com.comcast.crm.ContactTest.CreateContactTest -->
