<?xml version="1.0" encoding="UTF-8"?>
<!-- Generated by org.testng.reporters.JUnitReportReporter -->
<testsuite hostname="Gulshan" failures="0" tests="1" name="practice.SampleScreenshotTest" time="3.181" errors="0" timestamp="15 May 2024 04:14:35 GMT" skipped="0">
  <testcase classname="practice.SampleScreenshotTest" name="screenshot" time="3.181"/>
</testsuite> <!-- practice.SampleScreenshotTest -->
