<?xml version="1.0" encoding="UTF-8"?>
<!-- Generated by org.testng.reporters.JUnitReportReporter -->
<testsuite hostname="Gulshan" failures="0" tests="1" name="practice.Practice" time="5.109" errors="0" timestamp="18 May 2024 09:12:22 GMT" skipped="0">
  <testcase classname="practice.Practice" name="practiceTest" time="5.109"/>
</testsuite> <!-- practice.Practice -->
